<?xml version="1.0" encoding="UTF-8"?>
<!-- Generated by org.testng.reporters.JUnitXMLReporter -->
<testsuite hostname="ASDP1731PO02529" ignored="0" name="Default test" tests="4" failures="0" timestamp="27 Jul 2017 08:27:52 GMT" time="15.38" errors="0">
  <testcase name="driver" time="2.823" classname="Test.TestCasesAdv"/>
  <testcase name="RestService_obtainSessionID" time="1.616" classname="Test.TestCasesAdv"/>
  <testcase name="RestService_generateToken" time="2.274" classname="Test.TestCasesAdv"/>
  <testcase name="RestService_FileHandling" time="8.629" classname="Test.TestCasesAdv"/>
</testsuite> <!-- Default test -->
