<?xml version="1.0" encoding="UTF-8"?>
<testng-results skipped="0" failed="0" ignored="0" total="4" passed="4">
  <reporter-output>
    <line>
      <![CDATA[*****************************************]]>
    </line>
    <line>
      <![CDATA[
[Test passed] : Browser successfully launched
]]>
    </line>
    <line>
      <![CDATA[*****************************************]]>
    </line>
    <line>
      <![CDATA[*****************************************]]>
    </line>
    <line>
      <![CDATA[
[Test passed] : The User is on the Restful module of the T.A.T.O.C
]]>
    </line>
    <line>
      <![CDATA[*****************************************]]>
    </line>
    <line>
      <![CDATA[*****************************************]]>
    </line>
    <line>
      <![CDATA[
[Test passed] : The User successfully registered
]]>
    </line>
    <line>
      <![CDATA[*****************************************]]>
    </line>
    <line>
      <![CDATA[*****************************************]]>
    </line>
    <line>
      <![CDATA[
 The User is on the File Handling Page of T.A.T.O.C
]]>
    </line>
    <line>
      <![CDATA[*****************************************]]>
    </line>
    <line>
      <![CDATA[*****************************************]]>
    </line>
    <line>
      <![CDATA[
 The User is on the File Handling Page of T.A.T.O.C
]]>
    </line>
    <line>
      <![CDATA[*****************************************]]>
    </line>
  </reporter-output>
  <suite name="Default suite" duration-ms="15380" started-at="2017-07-27T08:27:36Z" finished-at="2017-07-27T08:27:52Z">
    <groups>
    </groups>
    <test name="Default test" duration-ms="15380" started-at="2017-07-27T08:27:36Z" finished-at="2017-07-27T08:27:52Z">
      <class name="Test.TestCasesAdv">
        <test-method status="PASS" signature="driver()[pri:1, instance:Test.TestCasesAdv@6093dd95]" name="driver" duration-ms="2823" started-at="2017-07-27T13:57:36Z" finished-at="2017-07-27T13:57:39Z">
          <reporter-output>
            <line>
              <![CDATA[*****************************************]]>
            </line>
            <line>
              <![CDATA[
[Test passed] : Browser successfully launched
]]>
            </line>
            <line>
              <![CDATA[*****************************************]]>
            </line>
          </reporter-output>
        </test-method> <!-- driver -->
        <test-method status="PASS" signature="RestService_obtainSessionID()[pri:6, instance:Test.TestCasesAdv@6093dd95]" name="RestService_obtainSessionID" duration-ms="1616" started-at="2017-07-27T13:57:39Z" finished-at="2017-07-27T13:57:41Z">
          <reporter-output>
            <line>
              <![CDATA[*****************************************]]>
            </line>
            <line>
              <![CDATA[
[Test passed] : The User is on the Restful module of the T.A.T.O.C
]]>
            </line>
            <line>
              <![CDATA[*****************************************]]>
            </line>
          </reporter-output>
        </test-method> <!-- RestService_obtainSessionID -->
        <test-method status="PASS" signature="RestService_generateToken()[pri:7, instance:Test.TestCasesAdv@6093dd95]" name="RestService_generateToken" duration-ms="2274" started-at="2017-07-27T13:57:41Z" finished-at="2017-07-27T13:57:43Z">
          <reporter-output>
            <line>
              <![CDATA[*****************************************]]>
            </line>
            <line>
              <![CDATA[
[Test passed] : The User successfully registered
]]>
            </line>
            <line>
              <![CDATA[*****************************************]]>
            </line>
          </reporter-output>
        </test-method> <!-- RestService_generateToken -->
        <test-method status="PASS" signature="RestService_FileHandling()[pri:8, instance:Test.TestCasesAdv@6093dd95]" name="RestService_FileHandling" duration-ms="8629" started-at="2017-07-27T13:57:43Z" finished-at="2017-07-27T13:57:52Z">
          <reporter-output>
            <line>
              <![CDATA[*****************************************]]>
            </line>
            <line>
              <![CDATA[
 The User is on the File Handling Page of T.A.T.O.C
]]>
            </line>
            <line>
              <![CDATA[*****************************************]]>
            </line>
            <line>
              <![CDATA[*****************************************]]>
            </line>
            <line>
              <![CDATA[
 The User is on the File Handling Page of T.A.T.O.C
]]>
            </line>
            <line>
              <![CDATA[*****************************************]]>
            </line>
          </reporter-output>
        </test-method> <!-- RestService_FileHandling -->
      </class> <!-- Test.TestCasesAdv -->
    </test> <!-- Default test -->
  </suite> <!-- Default suite -->
</testng-results>
